server.js:5 - Routes detected:

server.js:37 - Server started on port 8000

server.js:5 - Routes detected:

server.js:37 - Server started on port 8000

server.js:5 - Routes detected:

server.js:37 - Server started on port 8000

server.controller.js:14 - Shutting down gracefully...
server.controller.js:17 - Server closed. Shutting down process
server.js:5 - Routes detected:

server.js:37 - Server started on port 8000

server.controller.js:14 - Shutting down gracefully...
server.controller.js:17 - Server closed. Shutting down process
server.js:5 - Routes detected:

LOG: [2025-03-20 17:25:29] server.js:5 - Routes detected:
LOG: [2025-03-20 17:25:29] server.js:38 - Server started on port 8000

index.js:69 INFO: Routes detected:
index.js:69 INFO: Server started on port 8000

index.js:69 INFO: Routes detected:
index.js:69 INFO: Server started on port 8000

index.js:69 INFO: Routes detected:
index.js:69 INFO: GET //hello
index.js:69 INFO: Server started on port 8000

index.js:69 INFO: Routes detected:
index.js:69 INFO: GET /hello
index.js:69 INFO: [2025-03-26T18:38:05.889Z] GET /hello
[2025-03-26T18:38:05.889Z] GET /hello
index.js:69 INFO: Routes detected:
index.js:69 INFO: GET /hello
[2025-03-26T19:00:04.300Z] GET /hello
index.js:69 INFO: [2025-03-26T19:00:04.300Z] GET /hello
